BABEBASE:

Path: svn
URL: file:///myplace/repos/babebase/svn
Repository Root: file:///myplace/repos/babebase/svn
Repository UUID: a25f4b33-b5fb-47d0-afa1-8abbc10b9997
Revision: 49
Node Kind: directory
Last Changed Author: eotect
Last Changed Rev: 49
Last Changed Date: 2010-11-21 03:01:08 +0800 (Sun, 21 Nov 2010)

------------------------------------------------------------------------
r49 | eotect | 2010-11-21 03:01:08 +0800 (Sun, 21 Nov 2010) | 1 line

updated database, and file ".gitconfig"
------------------------------------------------------------------------

Path  : git
Date  : 2010-11-20 19:01:08 +0000
Author: Nahn Eoetct
Commit: 735ef7d84dcffd926c86072edd4bacff37a5e143

    updated database, and file ".gitconfig"

git-svn-id: https://pl3.projectlocker.com/eotect/babebase/svn/trunk@49 c44af3c9-0258-4d1d-8eb7-ee9f6eb676e7


 .gitconfig          |   24 +
 database/BEAUTY.URL | 2689 ++++++++++++++++++++++++++++++++++++---------------
 database/HOSTS.URL  |    9 +
 database/TOPICS.URL |   15 +-
 database/keywords   |    3 +
 5 files changed, 1976 insertions(+), 764 deletions(-)
BABEBASE:

Path: svn
URL: file:///myplace/repos/babebase/svn
Repository Root: file:///myplace/repos/babebase/svn
Repository UUID: a25f4b33-b5fb-47d0-afa1-8abbc10b9997
Revision: 51
Node Kind: directory
Last Changed Author: eotect@gmail.com
Last Changed Rev: 51
Last Changed Date: 2010-11-27 03:41:36 +0800 (Sat, 27 Nov 2010)

------------------------------------------------------------------------
r51 | eotect@gmail.com | 2010-11-27 03:41:36 +0800 (Sat, 27 Nov 2010) | 1 line

updated database BEAUTY and HOSTS, added rules for 7koreangirls.cn
------------------------------------------------------------------------

Path  : git
Date  : 2010-11-26 19:41:36 +0000
Author: Eotect Nahn
Commit: ef3521235b47b14d5f48a8ab8786f2a9d9a248ea

    updated database BEAUTY and HOSTS, added rules for 7koreangirls.cn

git-svn-id: https://pl3.projectlocker.com/eotect/babebase/svn/trunk@51 c44af3c9-0258-4d1d-8eb7-ee9f6eb676e7


 0/7koreangirls.cn   |    1 +
 1/7koreangirls.cn   |    1 +
 database/BEAUTY.URL |   68 +++++++++++++++++++++++++++++++++++++++++++++++++++
 database/HOSTS.URL  |    3 ++
 4 files changed, 73 insertions(+), 0 deletions(-)
BABEBASE:

Path: svn
URL: file:///myplace/repos/babebase/svn
Repository Root: file:///myplace/repos/babebase/svn
Repository UUID: a25f4b33-b5fb-47d0-afa1-8abbc10b9997
Revision: 60
Node Kind: directory
Last Changed Author: eotect@gmail.com
Last Changed Rev: 60
Last Changed Date: 2010-12-11 00:31:24 +0800 (Sat, 11 Dec 2010)

------------------------------------------------------------------------
r60 | eotect@gmail.com | 2010-12-11 00:31:24 +0800 (Sat, 11 Dec 2010) | 1 line

updated database BEAUTY
------------------------------------------------------------------------

Path  : git
Date  : 2010-12-10 16:31:24 +0000
Author: Eotect Nahn
Commit: c9776c2e8af284d9275a690870746bd3a5c34626

    updated database BEAUTY

git-svn-id: https://pl3.projectlocker.com/eotect/babebase/svn/trunk@60 c44af3c9-0258-4d1d-8eb7-ee9f6eb676e7


 database/BEAUTY.URL      |    1 -
 database/BEAUTY.log      |  511 ++++++++
 database/BEAUTY.task.log | 3133 ++++++++++++++++++++++++++++++++++++++++++++++
 3 files changed, 3644 insertions(+), 1 deletions(-)
BABEBASE [GIT] commit 3d3a2c89: Add rules for freeones.com, pornstarbook.com and gals4free.net.


Path  : git
Date  : 2011-12-20 04:53:23 +0800
Author: Eotect Nahn
Commit: 3d3a2c89b4d90b0c381ef1834a6ffe2af71d91bf

    Add rules for freeones.com, pornstarbook.com and gals4free.net.



 .gitignore          |    1 +
 1/freeones.com      |   83 +++++++++++++++++++++++++++++++++++++++++++++++++++
 1/pornstarbook.com  |   82 ++++++++++++++++++++++++++++++++++++++++++++++++++
 1/www.gals4free.net |   82 ++++++++++++++++++++++++++++++++++++++++++++++++++
 2/www.freeones.com  |   82 ++++++++++++++++++++++++++++++++++++++++++++++++++
 common/href.img     |    3 ++
 6 files changed, 333 insertions(+), 0 deletions(-)

================================================================================

